[2025-12-10T07:49:57.522+0000] {local_task_job_runner.py:120} INFO - ::group::Pre task execution logs
[2025-12-10T07:49:57.547+0000] {taskinstance.py:2076} INFO - Dependencies all met for dep_context=non-requeueable deps ti=<TaskInstance: neoway_dbt_orchestration.dbt_debug manual__2025-12-10T07:49:57.056529+00:00 [queued]>
[2025-12-10T07:49:57.553+0000] {taskinstance.py:2076} INFO - Dependencies all met for dep_context=requeueable deps ti=<TaskInstance: neoway_dbt_orchestration.dbt_debug manual__2025-12-10T07:49:57.056529+00:00 [queued]>
[2025-12-10T07:49:57.554+0000] {taskinstance.py:2306} INFO - Starting attempt 1 of 2
[2025-12-10T07:49:57.563+0000] {taskinstance.py:2330} INFO - Executing <Task(BashOperator): dbt_debug> on 2025-12-10 07:49:57.056529+00:00
[2025-12-10T07:49:57.570+0000] {standard_task_runner.py:90} INFO - Running: ['***', 'tasks', 'run', 'neoway_dbt_orchestration', 'dbt_debug', 'manual__2025-12-10T07:49:57.056529+00:00', '--job-id', '116', '--raw', '--subdir', 'DAGS_FOLDER/dbt_orchestration_dag.py', '--cfg-path', '/tmp/tmpm9y2pnf_']
[2025-12-10T07:49:57.573+0000] {logging_mixin.py:188} WARNING - /home/***/.local/lib/python3.12/site-packages/***/task/task_runner/standard_task_runner.py:61 DeprecationWarning: This process (pid=2336) is multi-threaded, use of fork() may lead to deadlocks in the child.
[2025-12-10T07:49:57.573+0000] {standard_task_runner.py:91} INFO - Job 116: Subtask dbt_debug
[2025-12-10T07:49:57.573+0000] {standard_task_runner.py:63} INFO - Started process 2337 to run task
[2025-12-10T07:49:57.616+0000] {task_command.py:426} INFO - Running <TaskInstance: neoway_dbt_orchestration.dbt_debug manual__2025-12-10T07:49:57.056529+00:00 [running]> on host 4eff101ef177
[2025-12-10T07:49:57.685+0000] {taskinstance.py:2648} INFO - Exporting env vars: AIRFLOW_CTX_DAG_OWNER='***' AIRFLOW_CTX_DAG_ID='neoway_dbt_orchestration' AIRFLOW_CTX_TASK_ID='dbt_debug' AIRFLOW_CTX_EXECUTION_DATE='2025-12-10T07:49:57.056529+00:00' AIRFLOW_CTX_TRY_NUMBER='1' AIRFLOW_CTX_DAG_RUN_ID='manual__2025-12-10T07:49:57.056529+00:00'
[2025-12-10T07:49:57.687+0000] {taskinstance.py:430} INFO - ::endgroup::
[2025-12-10T07:49:57.699+0000] {subprocess.py:63} INFO - Tmp dir root location: /tmp
[2025-12-10T07:49:57.701+0000] {subprocess.py:75} INFO - Running command: ['/usr/bin/bash', '-c', 'cd /opt/***/dbt && dbt debug --target prod']
[2025-12-10T07:49:57.710+0000] {subprocess.py:86} INFO - Output:
[2025-12-10T07:49:59.199+0000] {subprocess.py:93} INFO - [0m07:49:59  Running with dbt=1.8.7
[2025-12-10T07:49:59.207+0000] {subprocess.py:93} INFO - [0m07:49:59  dbt version: 1.8.7
[2025-12-10T07:49:59.208+0000] {subprocess.py:93} INFO - [0m07:49:59  python version: 3.12.3
[2025-12-10T07:49:59.209+0000] {subprocess.py:93} INFO - [0m07:49:59  python path: /home/***/.local/bin/python
[2025-12-10T07:49:59.209+0000] {subprocess.py:93} INFO - [0m07:49:59  os info: Linux-6.6.87.2-microsoft-standard-WSL2-x86_64-with-glibc2.36
[2025-12-10T07:49:59.217+0000] {subprocess.py:93} INFO - [0m07:49:59  Using profiles dir at /opt/***/dbt
[2025-12-10T07:49:59.218+0000] {subprocess.py:93} INFO - [0m07:49:59  Using profiles.yml file at /opt/***/dbt/profiles.yml
[2025-12-10T07:49:59.219+0000] {subprocess.py:93} INFO - [0m07:49:59  Using dbt_project.yml file at /opt/***/dbt/dbt_project.yml
[2025-12-10T07:49:59.286+0000] {subprocess.py:93} INFO - [0m07:49:59  Configuration:
[2025-12-10T07:49:59.286+0000] {subprocess.py:93} INFO - [0m07:49:59    profiles.yml file [[31mERROR invalid[0m]
[2025-12-10T07:49:59.287+0000] {subprocess.py:93} INFO - [0m07:49:59    dbt_project.yml file [[32mOK found and valid[0m]
[2025-12-10T07:49:59.288+0000] {subprocess.py:93} INFO - [0m07:49:59  Required dependencies:
[2025-12-10T07:49:59.294+0000] {subprocess.py:93} INFO - [0m07:49:59   - git [[32mOK found[0m]
[2025-12-10T07:49:59.294+0000] {subprocess.py:93} INFO - 
[2025-12-10T07:49:59.294+0000] {subprocess.py:93} INFO - [0m07:49:59  Connection test skipped since no profile was found
[2025-12-10T07:49:59.295+0000] {subprocess.py:93} INFO - [0m07:49:59  [31m1 check failed:[0m
[2025-12-10T07:49:59.296+0000] {subprocess.py:93} INFO - [0m07:49:59  Profile loading failed for the following reason:
[2025-12-10T07:49:59.296+0000] {subprocess.py:93} INFO - Runtime Error
[2025-12-10T07:49:59.297+0000] {subprocess.py:93} INFO -   The profile 'neoway_dbt' does not have a target named 'prod'. The valid target names for this profile are:
[2025-12-10T07:49:59.297+0000] {subprocess.py:93} INFO -    - dev
[2025-12-10T07:49:59.297+0000] {subprocess.py:93} INFO - 
[2025-12-10T07:49:59.297+0000] {subprocess.py:93} INFO - 
[2025-12-10T07:50:00.306+0000] {subprocess.py:97} INFO - Command exited with return code 1
[2025-12-10T07:50:00.307+0000] {taskinstance.py:441} INFO - ::group::Post task execution logs
[2025-12-10T07:50:00.318+0000] {taskinstance.py:2905} ERROR - Task failed with exception
Traceback (most recent call last):
  File "/home/airflow/.local/lib/python3.12/site-packages/airflow/models/taskinstance.py", line 465, in _execute_task
    result = _execute_callable(context=context, **execute_callable_kwargs)
             ^^^^^^^^^^^^^^^^^^^^^^^^^^^^^^^^^^^^^^^^^^^^^^^^^^^^^^^^^^^^^
  File "/home/airflow/.local/lib/python3.12/site-packages/airflow/models/taskinstance.py", line 432, in _execute_callable
    return execute_callable(context=context, **execute_callable_kwargs)
           ^^^^^^^^^^^^^^^^^^^^^^^^^^^^^^^^^^^^^^^^^^^^^^^^^^^^^^^^^^^^
  File "/home/airflow/.local/lib/python3.12/site-packages/airflow/models/baseoperator.py", line 400, in wrapper
    return func(self, *args, **kwargs)
           ^^^^^^^^^^^^^^^^^^^^^^^^^^^
  File "/home/airflow/.local/lib/python3.12/site-packages/airflow/operators/bash.py", line 243, in execute
    raise AirflowException(
airflow.exceptions.AirflowException: Bash command failed. The command returned a non-zero exit code 1.
[2025-12-10T07:50:00.323+0000] {taskinstance.py:1206} INFO - Marking task as UP_FOR_RETRY. dag_id=neoway_dbt_orchestration, task_id=dbt_debug, run_id=manual__2025-12-10T07:49:57.056529+00:00, execution_date=20251210T074957, start_date=20251210T074957, end_date=20251210T075000
[2025-12-10T07:50:00.336+0000] {standard_task_runner.py:110} ERROR - Failed to execute job 116 for task dbt_debug (Bash command failed. The command returned a non-zero exit code 1.; 2337)
[2025-12-10T07:50:00.355+0000] {local_task_job_runner.py:240} INFO - Task exited with return code 1
[2025-12-10T07:50:00.377+0000] {taskinstance.py:3498} INFO - 0 downstream tasks scheduled from follow-on schedule check
[2025-12-10T07:50:00.379+0000] {local_task_job_runner.py:222} INFO - ::endgroup::
